<?xml version="1.0" encoding="UTF-8"?>
<testng-results ignored="0" total="1" passed="1" failed="0" skipped="0">
  <reporter-output>
  </reporter-output>
  <suite started-at="2023-03-02T09:30:58 CET" name="Surefire suite" finished-at="2023-03-02T09:31:05 CET" duration-ms="7120">
    <groups>
    </groups>
    <test started-at="2023-03-02T09:30:58 CET" name="Surefire test" finished-at="2023-03-02T09:31:05 CET" duration-ms="7120">
      <class name="com.google.Tests">
        <test-method signature="loginTest()[pri:0, instance:com.google.Tests@865dd6]" started-at="2023-03-02T09:30:58 CET" name="loginTest" finished-at="2023-03-02T09:31:05 CET" duration-ms="7092" status="PASS">
          <reporter-output>
          </reporter-output>
        </test-method> <!-- loginTest -->
      </class> <!-- com.google.Tests -->
    </test> <!-- Surefire test -->
  </suite> <!-- Surefire suite -->
</testng-results>
